Camera: source=0, backend=dshow, size=640x480, fps=0.00
Output: D:\Study_data\ultralytics-8.3.218\lab_tracking\datasets\foam_board_2p1mm\raw\20260713_212710
Video FPS: 27.78
Keys: s=save, r=automatic images on/off, v=video recording on/off, q/Esc=quit
Static mode: move the target to a new pose, hold it still, and wait for one saved message.
Static limits: settle=0.35s, motion<=1.00, change>=3.00, sharpness>=150.0
automatic capture: on
saved foam_board_2p1mm_000001.jpg
saved foam_board_2p1mm_000002.jpg
saved foam_board_2p1mm_000003.jpg
saved foam_board_2p1mm_000004.jpg
saved foam_board_2p1mm_000005.jpg
saved foam_board_2p1mm_000006.jpg
saved foam_board_2p1mm_000007.jpg
saved foam_board_2p1mm_000008.jpg
saved foam_board_2p1mm_000009.jpg
saved foam_board_2p1mm_000010.jpg
saved foam_board_2p1mm_000011.jpg
saved foam_board_2p1mm_000012.jpg
saved foam_board_2p1mm_000013.jpg
saved foam_board_2p1mm_000014.jpg
saved foam_board_2p1mm_000015.jpg
saved foam_board_2p1mm_000016.jpg
saved foam_board_2p1mm_000017.jpg
saved foam_board_2p1mm_000018.jpg
saved foam_board_2p1mm_000019.jpg
saved foam_board_2p1mm_000020.jpg
saved foam_board_2p1mm_000021.jpg
saved foam_board_2p1mm_000022.jpg
saved foam_board_2p1mm_000023.jpg
saved foam_board_2p1mm_000024.jpg
saved foam_board_2p1mm_000025.jpg
saved foam_board_2p1mm_000026.jpg
saved foam_board_2p1mm_000027.jpg
saved foam_board_2p1mm_000028.jpg
saved foam_board_2p1mm_000029.jpg
saved foam_board_2p1mm_000030.jpg
saved foam_board_2p1mm_000031.jpg
saved foam_board_2p1mm_000032.jpg
saved foam_board_2p1mm_000033.jpg
saved foam_board_2p1mm_000034.jpg
saved foam_board_2p1mm_000035.jpg
saved foam_board_2p1mm_000036.jpg
saved foam_board_2p1mm_000037.jpg
saved foam_board_2p1mm_000038.jpg
saved foam_board_2p1mm_000039.jpg
saved foam_board_2p1mm_000040.jpg
saved foam_board_2p1mm_000041.jpg
saved foam_board_2p1mm_000042.jpg
saved foam_board_2p1mm_000043.jpg
saved foam_board_2p1mm_000044.jpg
saved foam_board_2p1mm_000045.jpg
saved foam_board_2p1mm_000046.jpg
saved foam_board_2p1mm_000047.jpg
saved foam_board_2p1mm_000048.jpg
saved foam_board_2p1mm_000049.jpg
saved foam_board_2p1mm_000050.jpg
saved foam_board_2p1mm_000051.jpg
saved foam_board_2p1mm_000052.jpg
saved foam_board_2p1mm_000053.jpg
saved foam_board_2p1mm_000054.jpg
saved foam_board_2p1mm_000055.jpg
saved foam_board_2p1mm_000056.jpg
saved foam_board_2p1mm_000057.jpg
saved foam_board_2p1mm_000058.jpg
saved foam_board_2p1mm_000059.jpg
saved foam_board_2p1mm_000060.jpg
saved foam_board_2p1mm_000061.jpg
saved foam_board_2p1mm_000062.jpg
saved foam_board_2p1mm_000063.jpg
saved foam_board_2p1mm_000064.jpg
saved foam_board_2p1mm_000065.jpg
saved foam_board_2p1mm_000066.jpg
saved foam_board_2p1mm_000067.jpg
saved foam_board_2p1mm_000068.jpg
saved foam_board_2p1mm_000069.jpg
saved foam_board_2p1mm_000070.jpg
saved foam_board_2p1mm_000071.jpg
saved foam_board_2p1mm_000072.jpg
saved foam_board_2p1mm_000073.jpg
saved foam_board_2p1mm_000074.jpg
saved foam_board_2p1mm_000075.jpg
saved foam_board_2p1mm_000076.jpg
saved foam_board_2p1mm_000077.jpg
saved foam_board_2p1mm_000078.jpg
saved foam_board_2p1mm_000079.jpg
saved foam_board_2p1mm_000080.jpg
saved foam_board_2p1mm_000081.jpg
saved foam_board_2p1mm_000082.jpg
saved foam_board_2p1mm_000083.jpg
saved foam_board_2p1mm_000084.jpg
saved foam_board_2p1mm_000085.jpg
saved foam_board_2p1mm_000086.jpg
saved foam_board_2p1mm_000087.jpg
saved foam_board_2p1mm_000088.jpg
saved foam_board_2p1mm_000089.jpg
saved foam_board_2p1mm_000090.jpg
saved foam_board_2p1mm_000091.jpg
saved foam_board_2p1mm_000092.jpg
saved foam_board_2p1mm_000093.jpg
saved foam_board_2p1mm_000094.jpg
saved foam_board_2p1mm_000095.jpg
saved foam_board_2p1mm_000096.jpg
saved foam_board_2p1mm_000097.jpg
saved foam_board_2p1mm_000098.jpg
saved foam_board_2p1mm_000099.jpg
saved foam_board_2p1mm_000100.jpg
saved foam_board_2p1mm_000101.jpg
saved foam_board_2p1mm_000102.jpg
saved foam_board_2p1mm_000103.jpg
saved foam_board_2p1mm_000104.jpg
saved foam_board_2p1mm_000105.jpg
saved foam_board_2p1mm_000106.jpg
saved foam_board_2p1mm_000107.jpg
saved foam_board_2p1mm_000108.jpg
saved foam_board_2p1mm_000109.jpg
saved foam_board_2p1mm_000110.jpg
saved foam_board_2p1mm_000111.jpg
saved foam_board_2p1mm_000112.jpg
saved foam_board_2p1mm_000113.jpg
saved foam_board_2p1mm_000114.jpg
saved foam_board_2p1mm_000115.jpg
saved foam_board_2p1mm_000116.jpg
saved foam_board_2p1mm_000117.jpg
saved foam_board_2p1mm_000118.jpg
saved foam_board_2p1mm_000119.jpg
saved foam_board_2p1mm_000120.jpg
COMPLETE 120/120
Finished. Saved 120 images in D:\Study_data\ultralytics-8.3.218\lab_tracking\datasets\foam_board_2p1mm\raw\20260713_212710
