Camera: source=0, backend=dshow, size=640x480, fps=0.00
Output: D:\Study_data\ultralytics-8.3.218\lab_tracking\datasets\foam_board_2p1mm\raw\20260713_214630
Video FPS: 30.40
Keys: s=save, r=automatic images on/off, v=video recording on/off, q/Esc=quit
Static mode: move the target to a new pose, hold it still, and wait for one saved message.
Static limits: settle=0.35s, motion<=1.00, change>=3.00, sharpness>=150.0
automatic capture: on
saved foam_board_2p1mm_000051.jpg
saved foam_board_2p1mm_000052.jpg
saved foam_board_2p1mm_000053.jpg
saved foam_board_2p1mm_000054.jpg
saved foam_board_2p1mm_000055.jpg
saved foam_board_2p1mm_000056.jpg
saved foam_board_2p1mm_000057.jpg
saved foam_board_2p1mm_000058.jpg
saved foam_board_2p1mm_000059.jpg
saved foam_board_2p1mm_000060.jpg
saved foam_board_2p1mm_000061.jpg
saved foam_board_2p1mm_000062.jpg
saved foam_board_2p1mm_000063.jpg
saved foam_board_2p1mm_000064.jpg
saved foam_board_2p1mm_000065.jpg
saved foam_board_2p1mm_000066.jpg
saved foam_board_2p1mm_000067.jpg
saved foam_board_2p1mm_000068.jpg
saved foam_board_2p1mm_000069.jpg
saved foam_board_2p1mm_000070.jpg
saved foam_board_2p1mm_000071.jpg
saved foam_board_2p1mm_000072.jpg
saved foam_board_2p1mm_000073.jpg
saved foam_board_2p1mm_000074.jpg
saved foam_board_2p1mm_000075.jpg
saved foam_board_2p1mm_000076.jpg
saved foam_board_2p1mm_000077.jpg
saved foam_board_2p1mm_000078.jpg
saved foam_board_2p1mm_000079.jpg
saved foam_board_2p1mm_000080.jpg
saved foam_board_2p1mm_000081.jpg
saved foam_board_2p1mm_000082.jpg
saved foam_board_2p1mm_000083.jpg
saved foam_board_2p1mm_000084.jpg
saved foam_board_2p1mm_000085.jpg
saved foam_board_2p1mm_000086.jpg
saved foam_board_2p1mm_000087.jpg
saved foam_board_2p1mm_000088.jpg
saved foam_board_2p1mm_000089.jpg
saved foam_board_2p1mm_000090.jpg
saved foam_board_2p1mm_000091.jpg
saved foam_board_2p1mm_000092.jpg
saved foam_board_2p1mm_000093.jpg
saved foam_board_2p1mm_000094.jpg
saved foam_board_2p1mm_000095.jpg
saved foam_board_2p1mm_000096.jpg
saved foam_board_2p1mm_000097.jpg
saved foam_board_2p1mm_000098.jpg
saved foam_board_2p1mm_000099.jpg
saved foam_board_2p1mm_000100.jpg
saved foam_board_2p1mm_000101.jpg
saved foam_board_2p1mm_000102.jpg
saved foam_board_2p1mm_000103.jpg
saved foam_board_2p1mm_000104.jpg
saved foam_board_2p1mm_000105.jpg
saved foam_board_2p1mm_000106.jpg
saved foam_board_2p1mm_000107.jpg
saved foam_board_2p1mm_000108.jpg
saved foam_board_2p1mm_000109.jpg
saved foam_board_2p1mm_000110.jpg
saved foam_board_2p1mm_000111.jpg
saved foam_board_2p1mm_000112.jpg
saved foam_board_2p1mm_000113.jpg
saved foam_board_2p1mm_000114.jpg
saved foam_board_2p1mm_000115.jpg
saved foam_board_2p1mm_000116.jpg
saved foam_board_2p1mm_000117.jpg
saved foam_board_2p1mm_000118.jpg
saved foam_board_2p1mm_000119.jpg
saved foam_board_2p1mm_000120.jpg
saved foam_board_2p1mm_000121.jpg
saved foam_board_2p1mm_000122.jpg
saved foam_board_2p1mm_000123.jpg
saved foam_board_2p1mm_000124.jpg
saved foam_board_2p1mm_000125.jpg
saved foam_board_2p1mm_000126.jpg
saved foam_board_2p1mm_000127.jpg
saved foam_board_2p1mm_000128.jpg
saved foam_board_2p1mm_000129.jpg
saved foam_board_2p1mm_000130.jpg
saved foam_board_2p1mm_000131.jpg
saved foam_board_2p1mm_000132.jpg
saved foam_board_2p1mm_000133.jpg
saved foam_board_2p1mm_000134.jpg
saved foam_board_2p1mm_000135.jpg
saved foam_board_2p1mm_000136.jpg
saved foam_board_2p1mm_000137.jpg
saved foam_board_2p1mm_000138.jpg
saved foam_board_2p1mm_000139.jpg
saved foam_board_2p1mm_000140.jpg
saved foam_board_2p1mm_000141.jpg
saved foam_board_2p1mm_000142.jpg
saved foam_board_2p1mm_000143.jpg
saved foam_board_2p1mm_000144.jpg
saved foam_board_2p1mm_000145.jpg
saved foam_board_2p1mm_000146.jpg
saved foam_board_2p1mm_000147.jpg
saved foam_board_2p1mm_000148.jpg
saved foam_board_2p1mm_000149.jpg
saved foam_board_2p1mm_000150.jpg
saved foam_board_2p1mm_000151.jpg
saved foam_board_2p1mm_000152.jpg
saved foam_board_2p1mm_000153.jpg
saved foam_board_2p1mm_000154.jpg
saved foam_board_2p1mm_000155.jpg
saved foam_board_2p1mm_000156.jpg
saved foam_board_2p1mm_000157.jpg
saved foam_board_2p1mm_000158.jpg
saved foam_board_2p1mm_000159.jpg
saved foam_board_2p1mm_000160.jpg
saved foam_board_2p1mm_000161.jpg
saved foam_board_2p1mm_000162.jpg
saved foam_board_2p1mm_000163.jpg
saved foam_board_2p1mm_000164.jpg
saved foam_board_2p1mm_000165.jpg
saved foam_board_2p1mm_000166.jpg
saved foam_board_2p1mm_000167.jpg
saved foam_board_2p1mm_000168.jpg
saved foam_board_2p1mm_000169.jpg
saved foam_board_2p1mm_000170.jpg
saved foam_board_2p1mm_000171.jpg
saved foam_board_2p1mm_000172.jpg
saved foam_board_2p1mm_000173.jpg
saved foam_board_2p1mm_000174.jpg
saved foam_board_2p1mm_000175.jpg
saved foam_board_2p1mm_000176.jpg
saved foam_board_2p1mm_000177.jpg
saved foam_board_2p1mm_000178.jpg
saved foam_board_2p1mm_000179.jpg
saved foam_board_2p1mm_000180.jpg
saved foam_board_2p1mm_000181.jpg
saved foam_board_2p1mm_000182.jpg
saved foam_board_2p1mm_000183.jpg
saved foam_board_2p1mm_000184.jpg
saved foam_board_2p1mm_000185.jpg
saved foam_board_2p1mm_000186.jpg
saved foam_board_2p1mm_000187.jpg
saved foam_board_2p1mm_000188.jpg
saved foam_board_2p1mm_000189.jpg
saved foam_board_2p1mm_000190.jpg
saved foam_board_2p1mm_000191.jpg
saved foam_board_2p1mm_000192.jpg
saved foam_board_2p1mm_000193.jpg
saved foam_board_2p1mm_000194.jpg
saved foam_board_2p1mm_000195.jpg
saved foam_board_2p1mm_000196.jpg
saved foam_board_2p1mm_000197.jpg
saved foam_board_2p1mm_000198.jpg
saved foam_board_2p1mm_000199.jpg
saved foam_board_2p1mm_000200.jpg
COMPLETE 200/200
Finished. Saved 200 images in D:\Study_data\ultralytics-8.3.218\lab_tracking\datasets\foam_board_2p1mm\raw\20260713_214630
